<?xml version="1.0" encoding="UTF-8"?>
<!-- Generated by org.testng.reporters.JUnitReportReporter -->
<testsuite hostname="SPTVMLAP-5276" failures="0" tests="2" name="com.test.user.AllScenarios" time="144.317" errors="0" timestamp="2023-04-03T22:31:12 IST" skipped="0">
  <testcase classname="com.test.user.AllScenarios" name="RUNALL" time="84.568"/>
  <system-out/>
  <testcase classname="com.test.user.AllScenarios" name="RUNALL" time="59.749"/>
  <system-out/>
</testsuite> <!-- com.test.user.AllScenarios -->
