<?xml version="1.0" encoding="UTF-8"?>
<!-- Generated by org.testng.reporters.JUnitReportReporter -->
<testsuite hostname="SPTVMLAP-5276" failures="0" tests="2" name="com.test.user.AllScenarios" time="61.609" errors="0" timestamp="2023-03-29T23:09:46 IST" skipped="0">
  <testcase classname="com.test.user.AllScenarios" name="RUNALL" time="61.605"/>
  <system-out/>
  <testcase classname="com.test.user.AllScenarios" name="RUNALL" time="0.004"/>
  <system-out/>
</testsuite> <!-- com.test.user.AllScenarios -->
